Jul 17 09:29:53 refund-demo-control-plane systemd[1]: Starting containerd.service - containerd container runtime...
Jul 17 09:29:53 refund-demo-control-plane containerd[220]: time="2026-07-17T09:29:53Z" level=warning msg="Configuration migrated from version 2, use `containerd config migrate` to avoid migration" t="22.414µs"
Jul 17 09:29:53 refund-demo-control-plane containerd[220]: time="2026-07-17T09:29:53.171381770Z" level=info msg="starting containerd" revision=64b425cf570b3b8dd1d4cc46da7c1fce65c6651a version=v2.3.1
Jul 17 09:29:53 refund-demo-control-plane containerd[220]: time="2026-07-17T09:29:53.171501120Z" level=info msg="loading plugin" id=io.containerd.content.v1.content type=io.containerd.content.v1
Jul 17 09:29:53 refund-demo-control-plane containerd[220]: time="2026-07-17T09:29:53.171719219Z" level=warning msg="failed check for fsverity support" error="enable fsverity failed: operation not supported" path=/var/lib/containerd/io.containerd.content.v1.content
Jul 17 09:29:53 refund-demo-control-plane containerd[220]: time="2026-07-17T09:29:53.171750541Z" level=info msg="loading plugin" id=io.containerd.image-verifier.v1.bindir type=io.containerd.image-verifier.v1
Jul 17 09:29:53 refund-demo-control-plane containerd[220]: time="2026-07-17T09:29:53.171759225Z" level=info msg="loading plugin" id=io.containerd.internal.v1.opt type=io.containerd.internal.v1
Jul 17 09:29:53 refund-demo-control-plane containerd[220]: time="2026-07-17T09:29:53.171794329Z" level=info msg="loading plugin" id=io.containerd.warning.v1.deprecations type=io.containerd.warning.v1
Jul 17 09:29:53 refund-demo-control-plane containerd[220]: time="2026-07-17T09:29:53.171799879Z" level=info msg="loading plugin" id=io.containerd.event.v1.exchange type=io.containerd.event.v1
Jul 17 09:29:53 refund-demo-control-plane containerd[220]: time="2026-07-17T09:29:53.171844958Z" level=info msg="loading plugin" id=io.containerd.mount-handler.v1.erofs type=io.containerd.mount-handler.v1
Jul 17 09:29:53 refund-demo-control-plane containerd[220]: time="2026-07-17T09:29:53.171851054Z" level=info msg="loading plugin" id=io.containerd.snapshotter.v1.blockfile type=io.containerd.snapshotter.v1
Jul 17 09:29:53 refund-demo-control-plane containerd[220]: time="2026-07-17T09:29:53.171864941Z" level=info msg="skip loading plugin" error="no scratch file generator: skip plugin" id=io.containerd.snapshotter.v1.blockfile type=io.containerd.snapshotter.v1
Jul 17 09:29:53 refund-demo-control-plane containerd[220]: time="2026-07-17T09:29:53.171870003Z" level=info msg="loading plugin" id=io.containerd.snapshotter.v1.erofs type=io.containerd.snapshotter.v1
Jul 17 09:29:53 refund-demo-control-plane containerd[220]: time="2026-07-17T09:29:53.186223136Z" level=info msg="loading plugin" id=io.containerd.snapshotter.v1.native type=io.containerd.snapshotter.v1
Jul 17 09:29:53 refund-demo-control-plane containerd[220]: time="2026-07-17T09:29:53.186303279Z" level=info msg="loading plugin" id=io.containerd.snapshotter.v1.overlayfs type=io.containerd.snapshotter.v1
Jul 17 09:29:53 refund-demo-control-plane containerd[220]: time="2026-07-17T09:29:53.200219490Z" level=info msg="loading plugin" id=io.containerd.monitor.task.v1.cgroups type=io.containerd.monitor.task.v1
Jul 17 09:29:53 refund-demo-control-plane containerd[220]: time="2026-07-17T09:29:53.200817804Z" level=info msg="loading plugin" id=io.containerd.snapshotter.v1.fuse-overlayfs type=io.containerd.snapshotter.v1
Jul 17 09:29:53 refund-demo-control-plane containerd[220]: time="2026-07-17T09:29:53.201116750Z" level=info msg="loading plugin" id=io.containerd.metadata.v1.bolt type=io.containerd.metadata.v1
Jul 17 09:29:53 refund-demo-control-plane containerd[220]: time="2026-07-17T09:29:53.201150035Z" level=info msg="metadata content store policy set" policy=shared
Jul 17 09:29:53 refund-demo-control-plane containerd[220]: time="2026-07-17T09:29:53.201690811Z" level=info msg="loading plugin" id=io.containerd.gc.v1.scheduler type=io.containerd.gc.v1
Jul 17 09:29:53 refund-demo-control-plane containerd[220]: time="2026-07-17T09:29:53.201730925Z" level=info msg="loading plugin" id=io.containerd.server.v1.metrics type=io.containerd.server.v1
Jul 17 09:29:53 refund-demo-control-plane containerd[220]: time="2026-07-17T09:29:53.201738566Z" level=info msg="skip loading plugin" error="skip plugin" id=io.containerd.server.v1.metrics type=io.containerd.server.v1
Jul 17 09:29:53 refund-demo-control-plane containerd[220]: time="2026-07-17T09:29:53.201743582Z" level=info msg="loading plugin" id=io.containerd.tracing.processor.v1.otlp type=io.containerd.tracing.processor.v1
Jul 17 09:29:53 refund-demo-control-plane containerd[220]: time="2026-07-17T09:29:53.201750899Z" level=info msg="skip loading plugin" error="skip plugin: tracing endpoint not configured" id=io.containerd.tracing.processor.v1.otlp type=io.containerd.tracing.processor.v1
Jul 17 09:29:53 refund-demo-control-plane containerd[220]: time="2026-07-17T09:29:53.201774152Z" level=info msg="loading plugin" id=io.containerd.internal.v1.tracing type=io.containerd.internal.v1
Jul 17 09:29:53 refund-demo-control-plane containerd[220]: time="2026-07-17T09:29:53.201790037Z" level=info msg="skip loading plugin" error="skip plugin: tracing endpoint not configured" id=io.containerd.internal.v1.tracing type=io.containerd.internal.v1
Jul 17 09:29:53 refund-demo-control-plane containerd[220]: time="2026-07-17T09:29:53.201795805Z" level=info msg="loading plugin" id=io.containerd.nri.v1.nri type=io.containerd.nri.v1
Jul 17 09:29:53 refund-demo-control-plane containerd[220]: time="2026-07-17T09:29:53.206569311Z" level=info msg="built-in NRI default validator is disabled"
Jul 17 09:29:53 refund-demo-control-plane containerd[220]: time="2026-07-17T09:29:53.207065732Z" level=info msg="runtime interface created"
Jul 17 09:29:53 refund-demo-control-plane containerd[220]: time="2026-07-17T09:29:53.207085101Z" level=info msg="created NRI interface"
Jul 17 09:29:53 refund-demo-control-plane containerd[220]: time="2026-07-17T09:29:53.207107147Z" level=info msg="loading plugin" id=io.containerd.ttrpc.v1.otelttrpc type=io.containerd.ttrpc.v1
Jul 17 09:29:53 refund-demo-control-plane containerd[220]: time="2026-07-17T09:29:53.207139027Z" level=info msg="loading plugin" id=io.containerd.service.v1.containers-service type=io.containerd.service.v1
Jul 17 09:29:53 refund-demo-control-plane containerd[220]: time="2026-07-17T09:29:53.207176520Z" level=info msg="loading plugin" id=io.containerd.service.v1.content-service type=io.containerd.service.v1
Jul 17 09:29:53 refund-demo-control-plane containerd[220]: time="2026-07-17T09:29:53.207202012Z" level=info msg="loading plugin" id=io.containerd.differ.v1.erofs type=io.containerd.differ.v1
Jul 17 09:29:53 refund-demo-control-plane containerd[220]: time="2026-07-17T09:29:53.207291451Z" level=info msg="skip loading plugin" error="failed to check mkfs.erofs availability: failed to run mkfs.erofs --help: exec: \"mkfs.erofs\": executable file not found in $PATH: skip plugin" id=io.containerd.differ.v1.erofs type=io.containerd.differ.v1
Jul 17 09:29:53 refund-demo-control-plane containerd[220]: time="2026-07-17T09:29:53.207316056Z" level=info msg="loading plugin" id=io.containerd.mount-manager.v1.bolt type=io.containerd.mount-manager.v1
Jul 17 09:29:53 refund-demo-control-plane containerd[220]: time="2026-07-17T09:29:53.207409770Z" level=info msg="loading plugin" id=io.containerd.differ.v1.walking type=io.containerd.differ.v1
Jul 17 09:29:53 refund-demo-control-plane containerd[220]: time="2026-07-17T09:29:53.207432911Z" level=info msg="loading plugin" id=io.containerd.service.v1.diff-service type=io.containerd.service.v1
Jul 17 09:29:53 refund-demo-control-plane containerd[220]: time="2026-07-17T09:29:53.207455371Z" level=info msg="loading plugin" id=io.containerd.service.v1.images-service type=io.containerd.service.v1
Jul 17 09:29:53 refund-demo-control-plane containerd[220]: time="2026-07-17T09:29:53.207490238Z" level=info msg="loading plugin" id=io.containerd.service.v1.introspection-service type=io.containerd.service.v1
Jul 17 09:29:53 refund-demo-control-plane containerd[220]: time="2026-07-17T09:29:53.207504610Z" level=info msg="loading plugin" id=io.containerd.service.v1.namespaces-service type=io.containerd.service.v1
Jul 17 09:29:53 refund-demo-control-plane containerd[220]: time="2026-07-17T09:29:53.207511235Z" level=info msg="loading plugin" id=io.containerd.service.v1.snapshots-service type=io.containerd.service.v1
Jul 17 09:29:53 refund-demo-control-plane containerd[220]: time="2026-07-17T09:29:53.207516182Z" level=info msg="loading plugin" id=io.containerd.shim.v1.manager type=io.containerd.shim.v1
Jul 17 09:29:53 refund-demo-control-plane containerd[220]: time="2026-07-17T09:29:53.207526842Z" level=info msg="loading plugin" id=io.containerd.runtime.v2.task type=io.containerd.runtime.v2
Jul 17 09:29:53 refund-demo-control-plane containerd[220]: time="2026-07-17T09:29:53.207598954Z" level=info msg="loading plugin" id=io.containerd.service.v1.tasks-service type=io.containerd.service.v1
Jul 17 09:29:53 refund-demo-control-plane containerd[220]: time="2026-07-17T09:29:53.207610605Z" level=info msg="loading plugin" id=io.containerd.grpc.v1.containers type=io.containerd.grpc.v1
Jul 17 09:29:53 refund-demo-control-plane containerd[220]: time="2026-07-17T09:29:53.207617197Z" level=info msg="loading plugin" id=io.containerd.grpc.v1.content type=io.containerd.grpc.v1
Jul 17 09:29:53 refund-demo-control-plane containerd[220]: time="2026-07-17T09:29:53.207622289Z" level=info msg="loading plugin" id=io.containerd.grpc.v1.diff type=io.containerd.grpc.v1
Jul 17 09:29:53 refund-demo-control-plane containerd[220]: time="2026-07-17T09:29:53.207633912Z" level=info msg="loading plugin" id=io.containerd.grpc.v1.events type=io.containerd.grpc.v1
Jul 17 09:29:53 refund-demo-control-plane containerd[220]: time="2026-07-17T09:29:53.207640355Z" level=info msg="loading plugin" id=io.containerd.grpc.v1.images type=io.containerd.grpc.v1
Jul 17 09:29:53 refund-demo-control-plane containerd[220]: time="2026-07-17T09:29:53.207645298Z" level=info msg="loading plugin" id=io.containerd.grpc.v1.introspection type=io.containerd.grpc.v1
Jul 17 09:29:53 refund-demo-control-plane containerd[220]: time="2026-07-17T09:29:53.207649723Z" level=info msg="loading plugin" id=io.containerd.lease.v1.manager type=io.containerd.lease.v1
Jul 17 09:29:53 refund-demo-control-plane containerd[220]: time="2026-07-17T09:29:53.207660275Z" level=info msg="loading plugin" id=io.containerd.grpc.v1.leases type=io.containerd.grpc.v1
Jul 17 09:29:53 refund-demo-control-plane containerd[220]: time="2026-07-17T09:29:53.207676241Z" level=info msg="loading plugin" id=io.containerd.grpc.v1.mounts type=io.containerd.grpc.v1
Jul 17 09:29:53 refund-demo-control-plane containerd[220]: time="2026-07-17T09:29:53.207682573Z" level=info msg="loading plugin" id=io.containerd.grpc.v1.namespaces type=io.containerd.grpc.v1
Jul 17 09:29:53 refund-demo-control-plane containerd[220]: time="2026-07-17T09:29:53.207688610Z" level=info msg="loading plugin" id=io.containerd.sandbox.store.v1.local type=io.containerd.sandbox.store.v1
Jul 17 09:29:53 refund-demo-control-plane containerd[220]: time="2026-07-17T09:29:53.207697641Z" level=info msg="loading plugin" id=io.containerd.transfer.v1.local type=io.containerd.transfer.v1
Jul 17 09:29:53 refund-demo-control-plane containerd[220]: time="2026-07-17T09:29:53.207769433Z" level=info msg="loading plugin" id=io.containerd.cri.v1.images type=io.containerd.cri.v1
Jul 17 09:29:53 refund-demo-control-plane containerd[220]: time="2026-07-17T09:29:53.207860742Z" level=warning msg="Found 'DiscardUnpackedLayers' in CRI config which is incompatible with transfer service (not supported with transfer service). Falling back to local image pull mode."
Jul 17 09:29:53 refund-demo-control-plane containerd[220]: time="2026-07-17T09:29:53.207923616Z" level=info msg="Get image filesystem path \"/var/lib/containerd/io.containerd.snapshotter.v1.overlayfs\" for snapshotter \"overlayfs\""
Jul 17 09:29:53 refund-demo-control-plane containerd[220]: time="2026-07-17T09:29:53.207942608Z" level=info msg="Start snapshots syncer"
Jul 17 09:29:53 refund-demo-control-plane containerd[220]: time="2026-07-17T09:29:53.207967887Z" level=info msg="loading plugin" id=io.containerd.cri.v1.runtime type=io.containerd.cri.v1
Jul 17 09:29:53 refund-demo-control-plane containerd[220]: time="2026-07-17T09:29:53.208131381Z" level=warning msg="Ignoring unknown key in TOML for plugin" error="strict mode: fields in the document are missing in the target struct" key=tolerate_missing_hugepages_controller plugin=io.containerd.cri.v1.runtime
Jul 17 09:29:53 refund-demo-control-plane containerd[220]: time="2026-07-17T09:29:53.208349467Z" level=info msg="starting cri plugin" config="{\"containerd\":{\"defaultRuntimeName\":\"runc\",\"runtimes\":{\"runc\":{\"runtimeType\":\"io.containerd.runc.v2\",\"runtimePath\":\"\",\"PodAnnotations\":null,\"ContainerAnnotations\":null,\"options\":{\"BinaryName\":\"\",\"CriuImagePath\":\"\",\"CriuWorkPath\":\"\",\"IoGid\":0,\"IoUid\":0,\"NoNewKeyring\":false,\"Root\":\"\",\"ShimCgroup\":\"\",\"SystemdCgroup\":true},\"privileged_without_host_devices\":false,\"privileged_without_host_devices_all_devices_allowed\":false,\"cgroupWritable\":false,\"baseRuntimeSpec\":\"/etc/containerd/cri-base.json\",\"cniConfDir\":\"\",\"cniMaxConfNum\":0,\"snapshotter\":\"\",\"sandboxer\":\"podsandbox\",\"io_type\":\"\"},\"test-handler\":{\"runtimeType\":\"io.containerd.runc.v2\",\"runtimePath\":\"\",\"PodAnnotations\":null,\"ContainerAnnotations\":null,\"options\":{\"SystemdCgroup\":true},\"privileged_without_host_devices\":false,\"privileged_without_host_devices_all_devices_allowed\":false,\"cgroupWritable\":false,\"baseRuntimeSpec\":\"/etc/containerd/cri-base.json\",\"cniConfDir\":\"\",\"cniMaxConfNum\":0,\"snapshotter\":\"\",\"sandboxer\":\"podsandbox\",\"io_type\":\"\"}},\"ignoreBlockIONotEnabledErrors\":false,\"ignoreRdtNotEnabledErrors\":false},\"cni\":{\"binDir\":\"\",\"binDirs\":[\"/opt/cni/bin\"],\"confDir\":\"/etc/cni/net.d\",\"maxConfNum\":1,\"setupSerially\":false,\"confTemplate\":\"\",\"ipPref\":\"\",\"useInternalLoopback\":false},\"enableSelinux\":false,\"selinuxCategoryRange\":1024,\"maxContainerLogLineSize\":16384,\"disableApparmor\":false,\"restrictOOMScoreAdj\":false,\"disableProcMount\":false,\"unsetSeccompProfile\":\"\",\"tolerateMissingHugetlbController\":true,\"disableHugetlbController\":true,\"device_ownership_from_security_context\":false,\"ignoreImageDefinedVolumes\":false,\"netnsMountsUnderStateDir\":false,\"enableUnprivilegedPorts\":true,\"enableUnprivilegedICMP\":true,\"enableCDI\":true,\"cdiSpecDirs\":[\"/etc/cdi\",\"/var/run/cdi\"],\"drainExecSyncIOTimeout\":\"0s\",\"ignoreDeprecationWarnings\":null,\"statsCollectPeriod\":\"\",\"statsRetentionPeriod\":\"\",\"containerdRootDir\":\"/var/lib/containerd\",\"containerdEndpoint\":\"/run/containerd/containerd.sock\",\"rootDir\":\"/var/lib/containerd/io.containerd.grpc.v1.cri\",\"stateDir\":\"/run/containerd/io.containerd.grpc.v1.cri\"}"
Jul 17 09:29:53 refund-demo-control-plane containerd[220]: time="2026-07-17T09:29:53.209105875Z" level=info msg="loading plugin" id=io.containerd.podsandbox.controller.v1.podsandbox type=io.containerd.podsandbox.controller.v1
Jul 17 09:29:53 refund-demo-control-plane containerd[220]: time="2026-07-17T09:29:53.209191514Z" level=info msg="loading plugin" id=io.containerd.sandbox.controller.v1.shim type=io.containerd.sandbox.controller.v1
Jul 17 09:29:53 refund-demo-control-plane containerd[220]: time="2026-07-17T09:29:53.209236090Z" level=info msg="loading plugin" id=io.containerd.grpc.v1.sandbox-controllers type=io.containerd.grpc.v1
Jul 17 09:29:53 refund-demo-control-plane containerd[220]: time="2026-07-17T09:29:53.209244938Z" level=info msg="loading plugin" id=io.containerd.grpc.v1.sandboxes type=io.containerd.grpc.v1
Jul 17 09:29:53 refund-demo-control-plane containerd[220]: time="2026-07-17T09:29:53.209250020Z" level=info msg="loading plugin" id=io.containerd.grpc.v1.snapshots type=io.containerd.grpc.v1
Jul 17 09:29:53 refund-demo-control-plane containerd[220]: time="2026-07-17T09:29:53.209254456Z" level=info msg="loading plugin" id=io.containerd.streaming.v1.manager type=io.containerd.streaming.v1
Jul 17 09:29:53 refund-demo-control-plane containerd[220]: time="2026-07-17T09:29:53.209270517Z" level=info msg="loading plugin" id=io.containerd.grpc.v1.streaming type=io.containerd.grpc.v1
Jul 17 09:29:53 refund-demo-control-plane containerd[220]: time="2026-07-17T09:29:53.209277227Z" level=info msg="loading plugin" id=io.containerd.grpc.v1.tasks type=io.containerd.grpc.v1
Jul 17 09:29:53 refund-demo-control-plane containerd[220]: time="2026-07-17T09:29:53.209290896Z" level=info msg="loading plugin" id=io.containerd.grpc.v1.transfer type=io.containerd.grpc.v1
Jul 17 09:29:53 refund-demo-control-plane containerd[220]: time="2026-07-17T09:29:53.209300485Z" level=info msg="loading plugin" id=io.containerd.grpc.v1.version type=io.containerd.grpc.v1
Jul 17 09:29:53 refund-demo-control-plane containerd[220]: time="2026-07-17T09:29:53.209305108Z" level=info msg="loading plugin" id=io.containerd.grpc.v1.healthcheck type=io.containerd.grpc.v1
Jul 17 09:29:53 refund-demo-control-plane containerd[220]: time="2026-07-17T09:29:53.209309842Z" level=info msg="loading plugin" id=io.containerd.grpc.v1.cri type=io.containerd.grpc.v1
Jul 17 09:29:53 refund-demo-control-plane containerd[220]: time="2026-07-17T09:29:53.209318302Z" level=info msg="Connect containerd service"
Jul 17 09:29:53 refund-demo-control-plane containerd[220]: time="2026-07-17T09:29:53.209331205Z" level=info msg="using experimental NRI integration - disable nri plugin to prevent this"
Jul 17 09:29:53 refund-demo-control-plane containerd[220]: time="2026-07-17T09:29:53.209830636Z" level=warning msg="failed to load cni during init, please check CRI plugin status before setting up network for pods" error="cni config load failed: no network config found in /etc/cni/net.d: cni plugin not initialized: failed to load cni config"
Jul 17 09:29:53 refund-demo-control-plane containerd[220]: time="2026-07-17T09:29:53.230558662Z" level=info msg="loading plugin" id=io.containerd.server.v1.ttrpc type=io.containerd.server.v1
Jul 17 09:29:53 refund-demo-control-plane containerd[220]: time="2026-07-17T09:29:53.230645067Z" level=info msg="loading plugin" id=io.containerd.monitor.container.v1.restart type=io.containerd.monitor.container.v1
Jul 17 09:29:53 refund-demo-control-plane containerd[220]: time="2026-07-17T09:29:53.230710731Z" level=info msg="Start subscribing containerd event"
Jul 17 09:29:53 refund-demo-control-plane containerd[220]: time="2026-07-17T09:29:53.230751029Z" level=info msg="loading plugin" id=io.containerd.metrics.v1.grpc-prometheus type=io.containerd.metrics.v1
Jul 17 09:29:53 refund-demo-control-plane containerd[220]: time="2026-07-17T09:29:53.230952709Z" level=info msg="loading plugin" id=io.containerd.metrics.v1.grpc-otel type=io.containerd.metrics.v1
Jul 17 09:29:53 refund-demo-control-plane containerd[220]: time="2026-07-17T09:29:53.230850306Z" level=info msg="Start stats collector"
Jul 17 09:29:53 refund-demo-control-plane containerd[220]: time="2026-07-17T09:29:53.231029834Z" level=info msg="loading plugin" id=io.containerd.server.v1.grpc type=io.containerd.server.v1
Jul 17 09:29:53 refund-demo-control-plane containerd[220]: time="2026-07-17T09:29:53.231043210Z" level=info msg="Start recovering state"
Jul 17 09:29:53 refund-demo-control-plane containerd[220]: time="2026-07-17T09:29:53.235387540Z" level=warning msg="The image sha256:78282b5844742761f4b51b4dbc2103e5bda6c694fbacd5afe7dfa3b23b4e1590 is not unpacked."
Jul 17 09:29:53 refund-demo-control-plane containerd[220]: time="2026-07-17T09:29:53.235476521Z" level=warning msg="The image registry.k8s.io/kube-apiserver:v1.36.1 is not unpacked."
Jul 17 09:29:53 refund-demo-control-plane containerd[220]: time="2026-07-17T09:29:53.236649190Z" level=warning msg="The image import-2026-06-02@sha256:834d6b8414308aed626e67979c4665f21b3651e5d8d04ae68d960a4f844b4e81 is not unpacked."
Jul 17 09:29:53 refund-demo-control-plane containerd[220]: time="2026-07-17T09:29:53.237487165Z" level=warning msg="The image import-2026-06-02@sha256:77add4a58677c7fa1a02b42381a024adc860f8d6bbdf38a89d7f8803c116e43c is not unpacked."
Jul 17 09:29:53 refund-demo-control-plane containerd[220]: time="2026-07-17T09:29:53.237806448Z" level=warning msg="The image registry.k8s.io/kube-scheduler:v1.36.1 is not unpacked."
Jul 17 09:29:53 refund-demo-control-plane containerd[220]: time="2026-07-17T09:29:53.238350797Z" level=warning msg="The image registry.k8s.io/kube-proxy:v1.36.1 is not unpacked."
Jul 17 09:29:53 refund-demo-control-plane containerd[220]: time="2026-07-17T09:29:53.238558348Z" level=warning msg="The image registry.k8s.io/kube-proxy-amd64:v1.36.1 is not unpacked."
Jul 17 09:29:53 refund-demo-control-plane containerd[220]: time="2026-07-17T09:29:53.238645213Z" level=warning msg="The image sha256:ee85eb1f0edd27fd11e3bed20f21a4001ad63107eb2f8d489429648a799c0e86 is not unpacked."
Jul 17 09:29:53 refund-demo-control-plane containerd[220]: time="2026-07-17T09:29:53.238687772Z" level=warning msg="The image registry.k8s.io/kube-controller-manager-amd64:v1.36.1 is not unpacked."
Jul 17 09:29:53 refund-demo-control-plane containerd[220]: time="2026-07-17T09:29:53.238778537Z" level=warning msg="The image sha256:873ed75102791e5b0b8a7fcd41606c92fcec98d56d05ead4ac5131650004c136 is not unpacked."
Jul 17 09:29:53 refund-demo-control-plane containerd[220]: time="2026-07-17T09:29:53.238931621Z" level=warning msg="The image import-2026-06-02@sha256:48e12aa71c24cf624334ae6f0373f1e1b85825254085475eda149111a926e33c is not unpacked."
Jul 17 09:29:53 refund-demo-control-plane containerd[220]: time="2026-07-17T09:29:53.238967631Z" level=warning msg="The image sha256:c2616bc3c695669d9cf234cb17fccbbb77931dded6e7aca9327ec596b8ba88f9 is not unpacked."
Jul 17 09:29:53 refund-demo-control-plane containerd[220]: time="2026-07-17T09:29:53.239004319Z" level=warning msg="The image sha256:b665198f31ae0e1bb7488858964d6f2a60e6052c1091d3e79f37108b29edbcc4 is not unpacked."
Jul 17 09:29:53 refund-demo-control-plane containerd[220]: time="2026-07-17T09:29:53.239202067Z" level=warning msg="The image registry.k8s.io/kube-scheduler-amd64:v1.36.1 is not unpacked."
Jul 17 09:29:53 refund-demo-control-plane containerd[220]: time="2026-07-17T09:29:53.239304927Z" level=warning msg="The image docker.io/kindest/local-path-helper:v20260131-7181c60a is not unpacked."
Jul 17 09:29:53 refund-demo-control-plane containerd[220]: time="2026-07-17T09:29:53.239323571Z" level=warning msg="The image registry.k8s.io/kube-apiserver-amd64:v1.36.1 is not unpacked."
Jul 17 09:29:53 refund-demo-control-plane containerd[220]: time="2026-07-17T09:29:53.240029494Z" level=warning msg="The image registry.k8s.io/pause:3.10 is not unpacked."
Jul 17 09:29:53 refund-demo-control-plane containerd[220]: time="2026-07-17T09:29:53.240420066Z" level=warning msg="The image docker.io/kindest/kindnetd:v20260528-9350166c is not unpacked."
Jul 17 09:29:53 refund-demo-control-plane containerd[220]: time="2026-07-17T09:29:53.240501077Z" level=warning msg="The image registry.k8s.io/kube-controller-manager:v1.36.1 is not unpacked."
Jul 17 09:29:53 refund-demo-control-plane containerd[220]: time="2026-07-17T09:29:53.240516249Z" level=warning msg="The image sha256:19aa6a21b42cb57f6f76e0f3584d7dfec241a3f3568cd6590a2967c28d9cdce3 is not unpacked."
Jul 17 09:29:53 refund-demo-control-plane containerd[220]: time="2026-07-17T09:29:53.240653418Z" level=warning msg="The image sha256:315157c5c4d7605a3830b3cf84354bc5423830b9975769267eac2466d60036be is not unpacked."
Jul 17 09:29:53 refund-demo-control-plane containerd[220]: time="2026-07-17T09:29:53.240662452Z" level=warning msg="The image sha256:e44e5463fce88882cdd5da8c626840ac5d980a30d322c3d4484009f548ba76de is not unpacked."
Jul 17 09:29:53 refund-demo-control-plane containerd[220]: time="2026-07-17T09:29:53.240736720Z" level=warning msg="The image registry.k8s.io/etcd:3.6.8-0 is not unpacked."
Jul 17 09:29:53 refund-demo-control-plane containerd[220]: time="2026-07-17T09:29:53.240658081Z" level=warning msg="The image import-2026-06-02@sha256:3fb749e08554fac4cde5dc53397de761b92939d34ead7e3c89248a8bf5b621e4 is not unpacked."
Jul 17 09:29:53 refund-demo-control-plane containerd[220]: time="2026-07-17T09:29:53.241183397Z" level=warning msg="The image registry.k8s.io/coredns/coredns:v1.14.2 is not unpacked."
Jul 17 09:29:53 refund-demo-control-plane containerd[220]: time="2026-07-17T09:29:53.241584923Z" level=warning msg="The image sha256:e5e695fbdadac88d9ee437aaabe9419819eecf2b6e2eb26d8b0a27b747bc658a is not unpacked."
Jul 17 09:29:53 refund-demo-control-plane containerd[220]: time="2026-07-17T09:29:53.241605976Z" level=warning msg="The image sha256:38667dd9be96c17227adde456e33ad701bdbdc5c6db0272a1d33a929bd8e62d6 is not unpacked."
Jul 17 09:29:53 refund-demo-control-plane containerd[220]: time="2026-07-17T09:29:53.241739006Z" level=warning msg="The image docker.io/kindest/local-path-provisioner:v20260521-9fb22683 is not unpacked."
Jul 17 09:29:53 refund-demo-control-plane containerd[220]: time="2026-07-17T09:29:53.242750812Z" level=info msg="loading plugin" id=io.containerd.server.v1.grpc-tcp type=io.containerd.server.v1
Jul 17 09:29:53 refund-demo-control-plane containerd[220]: time="2026-07-17T09:29:53.242786752Z" level=info msg="skip loading plugin" error="skip plugin" id=io.containerd.server.v1.grpc-tcp type=io.containerd.server.v1
Jul 17 09:29:53 refund-demo-control-plane containerd[220]: time="2026-07-17T09:29:53.242796964Z" level=info msg="loading plugin" id=io.containerd.http.v1.pprof type=io.containerd.http.v1
Jul 17 09:29:53 refund-demo-control-plane containerd[220]: time="2026-07-17T09:29:53.242847701Z" level=info msg="loading plugin" id=io.containerd.server.v1.debug type=io.containerd.server.v1
Jul 17 09:29:53 refund-demo-control-plane containerd[220]: time="2026-07-17T09:29:53.242855862Z" level=info msg="skip loading plugin" error="skip plugin" id=io.containerd.server.v1.debug type=io.containerd.server.v1
Jul 17 09:29:53 refund-demo-control-plane containerd[220]: time="2026-07-17T09:29:53.243015035Z" level=info msg=serving... address=/run/containerd/containerd.sock.ttrpc
Jul 17 09:29:53 refund-demo-control-plane containerd[220]: time="2026-07-17T09:29:53.243049664Z" level=info msg="starting GRPC server" address=/run/containerd/containerd.sock gid=0 uid=0
Jul 17 09:29:53 refund-demo-control-plane containerd[220]: time="2026-07-17T09:29:53.243069031Z" level=info msg=serving... address=/run/containerd/containerd.sock
Jul 17 09:29:53 refund-demo-control-plane containerd[220]: time="2026-07-17T09:29:53.255684362Z" level=info msg="Start event monitor"
Jul 17 09:29:53 refund-demo-control-plane containerd[220]: time="2026-07-17T09:29:53.255736092Z" level=info msg="Start cni network conf syncer for default"
Jul 17 09:29:53 refund-demo-control-plane containerd[220]: time="2026-07-17T09:29:53.255744423Z" level=info msg="Start streaming server"
Jul 17 09:29:53 refund-demo-control-plane containerd[220]: time="2026-07-17T09:29:53.255753504Z" level=info msg="Registered namespace \"k8s.io\" with NRI"
Jul 17 09:29:53 refund-demo-control-plane containerd[220]: time="2026-07-17T09:29:53.255759284Z" level=info msg="runtime interface starting up..."
Jul 17 09:29:53 refund-demo-control-plane containerd[220]: time="2026-07-17T09:29:53.255762802Z" level=info msg="starting plugins..."
Jul 17 09:29:53 refund-demo-control-plane containerd[220]: time="2026-07-17T09:29:53.255773639Z" level=info msg="Synchronizing NRI (plugin) with current runtime state"
Jul 17 09:29:53 refund-demo-control-plane containerd[220]: time="2026-07-17T09:29:53.255881385Z" level=info msg="containerd successfully booted in 0.085229s"
Jul 17 09:29:53 refund-demo-control-plane systemd[1]: Started containerd.service - containerd container runtime.
